e:\c++work\library-manage-system\library-manage-system\x64\debug\vc143.pdb
e:\c++work\library-manage-system\library-manage-system\x64\debug\vc143.idb
e:\c++work\library-manage-system\library-manage-system\x64\debug\main.obj
e:\c++work\library-manage-system\library-manage-system\x64\debug\list.obj
e:\c++work\library-manage-system\library-manage-system\x64\debug\usermanage.obj
e:\c++work\library-manage-system\library-manage-system\x64\debug\user.obj
e:\c++work\library-manage-system\library-manage-system\x64\debug\menu.obj
e:\c++work\library-manage-system\library-manage-system\x64\debug\readermanage.obj
e:\c++work\library-manage-system\library-manage-system\x64\debug\reader.obj
e:\c++work\library-manage-system\library-manage-system\x64\debug\book.obj
e:\c++work\library-manage-system\library-manage-system\x64\debug\bookmanage.obj
e:\c++work\library-manage-system\library-manage-system\x64\debug\circulate.obj
e:\c++work\library-manage-system\library-manage-system\x64\debug\circulatemanage.obj
e:\c++work\library-manage-system\x64\debug\library-manage-system.exe
e:\c++work\library-manage-system\library-manage-system\x64\debug\library-manage-system.ilk
e:\c++work\library-manage-system\x64\debug\library-manage-system.pdb
e:\c++work\library-manage-system\library-manage-system\x64\debug\circulate.obj.enc
e:\c++work\library-manage-system\library-manage-system\x64\debug\circulatemanage.obj.enc
e:\c++work\library-manage-system\library-manage-system\x64\debug\list.obj.enc
e:\c++work\library-manage-system\library-manage-system\x64\debug\readermanage.obj.enc
e:\c++work\library-manage-system\library-manage-system\x64\debug\usermanage.obj.enc
e:\c++work\library-manage-system\library-manage-system\x64\debug\library-.5c9d938e.tlog\cl.command.1.tlog
e:\c++work\library-manage-system\library-manage-system\x64\debug\library-.5c9d938e.tlog\cl.read.1.tlog
e:\c++work\library-manage-system\library-manage-system\x64\debug\library-.5c9d938e.tlog\cl.write.1.tlog
e:\c++work\library-manage-system\library-manage-system\x64\debug\library-.5c9d938e.tlog\link.command.1.tlog
e:\c++work\library-manage-system\library-manage-system\x64\debug\library-.5c9d938e.tlog\link.read.1.tlog
e:\c++work\library-manage-system\library-manage-system\x64\debug\library-.5c9d938e.tlog\link.write.1.tlog
